set ucliGUI::state
set ucliGUI::state
ucliCore::getToolPID
synopsys::env hasTB
trigger_hier_stack_context_switch 0
synUtils::setDVEInitPhase 1
synopsys::dump -type VPD -file /afs/andrew.cmu.edu/usr24/xinyew/private/18240/01_hw/hw05/inter.vpd -locking
synopsys::dump -autoflush on -fid VPD0
set ::dve_fid VPD0
synUtils::setDVEInitPhase 0
ucliCore::getToolPID
synUtils::sendTool -active _icl_setToolSocket /tmp/smlnpo1D6YC
synUtils::sendTool -active {_icl_start_rpc -version "T-2022.06_Full64" -sync_file /tmp/vcs_dve_rpc.xinyew.26796}
synUtils::sendTool -active {_icl_createSharedMemory /tmp/vcs_dve_general.xinyew.26796}
config endofsim noexit
config onfail enable all
config syscaddplainmembers
config syscaddsourcenames
config syscaddstructtypes
synopsys::listing -disable
ucliGUI::vpdAddHierarchy -scope hw5prob2_test -depth 1 -file /afs/andrew.cmu.edu/usr24/xinyew/private/18240/01_hw/hw05/inter.vpd; synopsys::dump -flush VPD0
synopsys::dump -add {hw5prob2_test.clock hw5prob2_test.hue hw5prob2_test.reset_n hw5prob2_test.value hw5prob2_test.water } -aggregates  -fid VPD0
synopsys::run
set ucliGUI::state
set ucliGUI::state
set ucliGUI::state
set ucliGUI::state
if [catch {gui_sim_terminate}] {gui_sim_terminate -kill}
synopsys::finish
set ucliGUI::state
set ucliGUI::state
ucli_exit
