# Preference setting overrides
gui_create_pref_key -category {Globals} -key {load_detail_for_funcov} -value_type {bool} -value {false}

# State setting overrides
gui_state_default_create -off -ini
gui_set_state_value -category Layout -key child_console_size_x -value 2497
gui_set_state_value -category Layout -key child_console_size_y -value 412
gui_set_state_value -category Layout -key child_data_coltype -value 82
gui_set_state_value -category Layout -key child_data_colvalue -value 136
gui_set_state_value -category Layout -key child_data_colvariable -value 176
gui_set_state_value -category Layout -key child_data_size_x -value 399
gui_set_state_value -category Layout -key child_data_size_y -value 916
gui_set_state_value -category Layout -key child_hier_col3 -value {-1}
gui_set_state_value -category Layout -key child_hier_colhier -value 202
gui_set_state_value -category Layout -key child_hier_colpd -value 0
gui_set_state_value -category Layout -key child_hier_size_x -value 305
gui_set_state_value -category Layout -key child_hier_size_y -value 916
gui_set_state_value -category Layout -key child_source_docknewline -value false
gui_set_state_value -category Layout -key child_source_pos_x -value {-2}
gui_set_state_value -category Layout -key child_source_pos_y -value {-15}
gui_set_state_value -category Layout -key child_source_size_x -value 1796
gui_set_state_value -category Layout -key child_source_size_y -value 911
gui_set_state_value -category Layout -key child_wave_colname -value 361
gui_set_state_value -category Layout -key child_wave_colvalue -value 361
gui_set_state_value -category Layout -key child_wave_left -value 726
gui_set_state_value -category Layout -key child_wave_right -value 1770
gui_set_state_value -category Layout -key main_pos_x -value 8
gui_set_state_value -category Layout -key main_pos_y -value 449
gui_set_state_value -category Layout -key main_size_x -value 2505
gui_set_state_value -category Layout -key main_size_y -value 1858
gui_set_state_value -category Layout -key stand_wave_child_docknewline -value false
gui_set_state_value -category Layout -key stand_wave_child_pos_x -value {-2}
gui_set_state_value -category Layout -key stand_wave_child_pos_y -value {-15}
gui_set_state_value -category Layout -key stand_wave_child_size_x -value 2506
gui_set_state_value -category Layout -key stand_wave_child_size_y -value 1327
gui_set_state_value -category Layout -key stand_wave_top_pos_x -value 8
gui_set_state_value -category Layout -key stand_wave_top_pos_y -value 449
gui_set_state_value -category Layout -key stand_wave_top_size_x -value 2509
gui_set_state_value -category Layout -key stand_wave_top_size_y -value 1862
gui_create_state_key -category FindDialog -key m_pMatchCase -value_type bool -value false
gui_create_state_key -category FindDialog -key m_pMatchWord -value_type bool -value false
gui_create_state_key -category FindDialog -key m_pUseCombo -value_type string -value {}
gui_create_state_key -category FindDialog -key m_pWrapAround -value_type bool -value true
gui_state_default_create -off

# Begin command logging
gui_sim_run Ucli -exe ./simv -args {-ucligui  } -dir .
gui_list_select_all -id Data.1
gui_open_window Wave
gui_list_add -id Wave.1 -from Data.1 { hw5prob2_test.value hw5prob2_test.clock hw5prob2_test.hue hw5prob2_test.reset_n hw5prob2_test.water } -insertionbar
gui_sim_continue  
gui_wv_zoom_timerange -id  Wave.1 0 80
gui_list_select -id Wave.1 -selected  { hw5prob2_test.hue   }
gui_list_move  -id  Wave.1    -sid  Wave.1   -after Group1 {{hw5prob2_test.hue}}
gui_list_select -id Wave.1 -selected  { hw5prob2_test.value   }
gui_list_select -id Wave.1 -selected  { hw5prob2_test.hue   }
gui_list_select -id Wave.1 -selected  { hw5prob2_test.value   }
gui_marker_move -id  Wave.1 C1 65
gui_marker_move -id  Wave.1 C1 56
gui_marker_move -id  Wave.1 C1 49
gui_close_window -window TopLevel.2
