16:01:12    221 --> ...                                                                                      [tcl] ucliGUI::start /afs/andrew.cmu.edu/usr24/xinyew/private/18240/01_hw/hw01/simv -ucligui 
16:01:12    222 --> ...                                                                                          [tcl] set ucliGUI::state
16:01:13    223 --> ...                                                                                              [tcl] set ucliGUI::state
16:01:13    224 --> ...                                                                                                  [tcl] ucliCore::getToolPID
16:01:13    225 --> ...  [tcl] synopsys::env hasTB
16:01:13    226 --> ...      [tcl] trigger_hier_stack_context_switch 0
16:01:13    227 --> ...          [tcl] synUtils::setDVEInitPhase 1
16:01:13    228 --> ...              [tcl] gui_get_env SIMSETUP::SIMVPD
16:01:13    229 --> ...                  [tcl] synopsys::dump -type VPD -file /afs/andrew.cmu.edu/usr24/xinyew/private/18240/01_hw/hw01/inter.vpd -locking
16:01:13    230 --> ...                      [tcl] synopsys::dump -autoflush on -fid VPD2
16:01:13    231 --> ...                          [tcl] set ::dve_fid VPD2
16:01:13    232 --> ...                              [tcl] synUtils::setDVEInitPhase 0
16:01:13    233 --> ...                                  [tcl] ucliCore::getToolPID
16:01:13    234 --> ...                                      [tcl] synUtils::sendTool -active _icl_setToolSocket /tmp/smlnpdDR2jp
16:01:13    235 --> ...                                          [tcl] synUtils::sendTool -active {_icl_start_rpc -version "T-2022.06_Full64" -sync_file /tmp/vcs_dve_rpc.xinyew.40621}
16:01:13    236 --> ...                                              [tcl] synUtils::sendTool -active {_icl_createSharedMemory /tmp/vcs_dve_general.xinyew.40621}
16:01:13    237 --> ...                                                  [tcl] config endofsim noexit
16:01:13    238 --> ...                                                      [tcl] config onfail enable all
16:01:13    239 --> ...                                                          [tcl] config syscaddplainmembers
16:01:13    240 --> ...                                                              [tcl] config syscaddsourcenames
16:01:13    241 --> ...                                                                  [tcl] config syscaddstructtypes
16:01:13    242 --> ...                                                                      [tcl] synopsys::listing -disable
16:01:13    243 --> ...                                                                          [tcl] # Begin_DVE_Session_Save_Info
16:01:13    244 --> ...                                                                              [tcl] # DVE restart session
16:01:13    245 --> ...                                                                                  [tcl] # Saved on Mon Jan 30 16:01:11 2023
16:01:13    246 --> ...                                                                                      [tcl] # Designs open: 1
16:01:13    247 --> ...                                                                                          [tcl] #   Sim: /afs/andrew.cmu.edu/usr24/xinyew/private/18240/01_hw/hw01/simv
16:01:13    248 --> ...                                                                                              [tcl] # Toplevel windows open: 2
16:01:13    249 --> ...                                                                                                  [tcl] # 	TopLevel.1
16:01:13    250 --> ...  [tcl] # 	TopLevel.2
16:01:13    251 --> ...      [tcl] #   Source.1: testbench
16:01:13    252 --> ...          [tcl] #   Wave.1: 2 signals
16:01:13    253 --> ...              [tcl] #   Group count = 1
16:01:13    254 --> ...                  [tcl] #   Group testbench signal count = 2
16:01:13    255 --> ...                      [tcl] # End_DVE_Session_Save_Info
16:01:13    256 --> ...                          [tcl] # DVE version: T-2022.06_Full64
16:01:13    257 --> ...                              [tcl] # DVE build date: May 31 2022 20:53:03
16:01:13    258 --> ...                                  [tcl] #<Session mode="Restart" path=".restartSimSession.tcl" type="Debug">
16:01:13    259 --> ...                                      [tcl] gui_set_loading_session_type Restart
16:01:13    260 --> ...                                          [tcl] gui_continuetime_set
16:01:13    261 --> ...                                              [tcl] gui_clear_window -type Wave
16:01:13    262 --> ...                                                  [tcl] gui_clear_window -type List
16:01:13    263 --> ...                                                      [tcl] # Application preferences
16:01:13    264 --> ...                                                          [tcl] gui_set_pref_value -key app_default_font -value {Helvetica,10,-1,5,50,0,0,0,0,0}
16:01:13    265 --> ...                                                              [tcl] gui_src_preferences -tabstop 8 -maxbits 24 -windownumber 1
16:01:13    266 --> ...                                                                  [tcl] #<WindowLayout>
16:01:13    267 --> ...                                                                      [tcl] # DVE top-level session
16:01:13    268 --> ...                                                                          [tcl] # Create and position top-level window: TopLevel.1
16:01:13    269 --> ...                                                                              [tcl] set TopLevel.1 TopLevel.1
16:01:13    270 --> ...                                                                                  [tcl] # Docked window settings
16:01:13    271 --> ...                                                                                      [tcl] set HSPane.1 HSPane.1
16:01:13    272 --> ...                                                                                          [tcl] set Hier.1 Hier.1
16:01:13    273 --> ...                                                                                              [tcl] set DLPane.1 DLPane.1
16:01:13    274 --> ...                                                                                                  [tcl] set Data.1 Data.1
16:01:13    275 --> ...  [tcl] set Console.1 Console.1
16:01:13    276 --> ...      [tcl] gui_sync_global -id ${TopLevel.1} -option true
16:01:13    277 --> ...          [tcl] # MDI window settings
16:01:13    278 --> ...              [tcl] set Source.1 Source.1
16:01:13    279 --> ...                  [tcl] gui_update_layout -id ${Source.1} {{show_state maximized} {dock_state undocked} {dock_on_new_line false}}
16:01:13    280 --> ...                      [tcl] # End MDI window settings
16:01:13    281 --> ...                          [tcl] # Create and position top-level window: TopLevel.2
16:01:13    282 --> ...                              [tcl] set TopLevel.2 TopLevel.2
16:01:13    283 --> ...                                  [tcl] # Docked window settings
16:01:13    284 --> ...                                      [tcl] gui_sync_global -id ${TopLevel.2} -option true
16:01:13    285 --> ...                                          [tcl] # MDI window settings
16:01:13    286 --> ...                                              [tcl] set Wave.1 Wave.1
16:01:13    287 --> ...                                                  [tcl] gui_update_layout -id ${Wave.1} {{show_state maximized} {dock_state undocked} {dock_on_new_line false} {child_wave_left 256} {child_wave_right 1579} {child_wave_colname 136} {child_wave_colvalue 116} {child_wave_col1 0} {child_wave_col2 1}}
16:01:13    288 --> ...                                                      [tcl] # End MDI window settings
16:01:13    289 --> ...                                                          [tcl] #</WindowLayout>
16:01:13    290 --> ...                                                              [tcl] #<Database>
16:01:13    291 --> ...                                                                  [tcl] gui_set_precision 1s
16:01:13    292 --> ...                                                                      [tcl] gui_set_time_units 1s
16:01:13    293 --> ...                                                                          [tcl] #</Database>
16:01:13    294 --> ...                                                                              [tcl] # DVE Global setting session:
16:01:13    295 --> ...                                                                                  [tcl] # Global: Breakpoints
16:01:13    296 --> ...                                                                                      [tcl] # Global: Bus
16:01:13    297 --> ...                                                                                          [tcl] # Global: Expressions
16:01:13    298 --> ...                                                                                              [tcl] # Global: Signal Time Shift
16:01:13    299 --> ...                                                                                                  [tcl] # Global: Signal Compare
16:01:13    300 --> ...  [tcl] # Global: Signal Groups
16:01:13    301 --> ...      [tcl] gui_load_child_values {testbench}
16:01:13    302 --> ...          [tcl] synopsys::dump -add {testbench} -scope "." -depth 1 -fid VPD2
16:01:13    303 --> ...              [tcl] set _session_group_2 testbench
16:01:13    304 --> ...                  [tcl] gui_sg_create "$_session_group_2"
16:01:13    305 --> ...                      [tcl] set testbench "$_session_group_2"
16:01:13    306 --> ...                          [tcl] gui_sg_addsignal -group "$_session_group_2" { testbench.f testbench.vector }
16:01:13    307 --> ...                              [tcl] # Global: Highlighting
16:01:13    308 --> ...                                  [tcl] # Global: Stack
16:01:13    309 --> ...                                      [tcl] gui_change_stack_mode -mode list
16:01:13    310 --> ...                                          [tcl] # Post database loading setting...
16:01:13    311 --> ...                                              [tcl] # Save global setting...
16:01:13    312 --> ...                                                  [tcl] # Wave/List view global setting
16:01:13    313 --> ...                                                      [tcl] gui_cov_show_value -switch false
16:01:13    314 --> ...                                                          [tcl] # Close all empty TopLevel windows
16:01:13    315 --> ...                                                              [tcl] foreach __top [gui_ekki_get_window_ids -type TopLevel] {     if { [llength [gui_ekki_get_window_ids -parent $__top]] == 0} {         gui_close_window -window $__top     } }
16:01:13    316 --> ...                                                                  [tcl] gui_set_loading_session_type noSession
16:01:13    317 --> ...                                                                      [tcl] # DVE View/pane content session:
16:01:13    318 --> ...                                                                          [tcl] # Hier 'Hier.1'
16:01:13    319 --> ...                                                                              [tcl] gui_show_window -window ${Hier.1}
16:01:13    320 --> ...                                                                                  [tcl] gui_list_set_filter -id ${Hier.1} -list { {Package 1} {All 0} {Process 1} {VirtPowSwitch 0} {UnnamedProcess 1} {UDP 0} {Function 1} {Block 1} {SrsnAndSpaCell 0} {OVA Unit 1} {LeafScCell 1} {LeafVlgCell 1} {Interface 1} {LeafVhdCell 1} {$unit 1} {NamedBlock 1} {Task 1} {VlgPackage 1} {ClassDef 1} {VirtIsoCell 0} }
16:01:13    321 --> ...                                                                                      [tcl] gui_list_set_filter -id ${Hier.1} -text {*}
16:01:13    322 --> ...                                                                                          [tcl] gui_change_design -id ${Hier.1} -design Sim
16:01:13    323 --> ...                                                                                              [tcl] catch {gui_list_select -id ${Hier.1} {testbench}}
16:01:13    324 --> ...                                                                                                  [tcl] dveMisc::vbusExpand testbench
16:01:13    325 --> ...  [tcl] gui_view_scroll -id ${Hier.1} -vertical -set 0
16:01:13    326 --> ...      [tcl] gui_view_scroll -id ${Hier.1} -horizontal -set 0
16:01:13    327 --> ...          [tcl] # Data 'Data.1'
16:01:13    328 --> ...              [tcl] gui_list_set_filter -id ${Data.1} -list { {Buffer 1} {Input 1} {Others 1} {Linkage 1} {Output 1} {LowPower 1} {Parameter 1} {All 1} {Aggregate 1} {LibBaseMember 1} {Event 1} {Assertion 1} {Constant 1} {Interface 1} {BaseMembers 1} {Signal 1} {$unit 1} {Inout 1} {Variable 1} }
16:01:13    329 --> ...                  [tcl] gui_list_set_filter -id ${Data.1} -text {*}
16:01:13    330 --> ...                      [tcl] gui_list_show_data -id ${Data.1} {testbench}
16:01:13    331 --> ...                          [tcl] gui_view_scroll -id ${Data.1} -vertical -set 0
16:01:13    332 --> ...                              [tcl] gui_view_scroll -id ${Data.1} -horizontal -set 0
16:01:13    333 --> ...                                  [tcl] gui_view_scroll -id ${Hier.1} -vertical -set 0
16:01:13    334 --> ...                                      [tcl] gui_view_scroll -id ${Hier.1} -horizontal -set 0
16:01:13    335 --> ...                                          [tcl] # Source 'Source.1'
16:01:13    336 --> ...                                              [tcl] gui_src_value_annotate -id ${Source.1} -switch false
16:01:13    337 --> ...                                                  [tcl] gui_set_env TOGGLE::VALUEANNOTATE 0
16:01:13    338 --> ...                                                      [tcl] gui_open_source -id ${Source.1}  -replace -active testbench /afs/andrew.cmu.edu/usr24/xinyew/private/18240/01_hw/hw01/hw1prob6.sv
16:01:13    339 --> ...                                                          [tcl] gui_view_scroll -id ${Source.1} -vertical -set 0
16:01:13    340 --> ...                                                              [tcl] gui_src_set_reusable -id ${Source.1}
16:01:13    341 --> ...                                                                  [tcl] # View 'Wave.1'
16:01:13    342 --> ...                                                                      [tcl] gui_wv_sync -id ${Wave.1} -switch false
16:01:13    343 --> ...                                                                          [tcl] set groupExD [gui_get_pref_value -category Wave -key exclusiveSG]
16:01:13    344 --> ...                                                                              [tcl] gui_set_pref_value -category Wave -key exclusiveSG -value {false}
16:01:13    345 --> ...                                                                                  [tcl] set origWaveHeight [gui_get_pref_value -category Wave -key waveRowHeight]
16:01:13    346 --> ...                                                                                      [tcl] gui_list_set_height -id Wave -height 25
16:01:13    347 --> ...                                                                                          [tcl] set origGroupCreationState [gui_list_create_group_when_add -wave]
16:01:13    348 --> ...                                                                                              [tcl] gui_list_create_group_when_add -wave -disable
16:01:13    349 --> ...                                                                                                  [tcl] gui_wv_zoom_timerange -id ${Wave.1} 292 339
16:01:13    350 --> ...  [tcl] gui_list_add_group -id ${Wave.1} -after {New Group} {testbench}
16:01:13    351 --> ...      [tcl] gui_seek_criteria -id ${Wave.1} {Any Edge}
16:01:13    352 --> ...          [tcl] gui_set_env TOGGLE::DEFAULT_WAVE_WINDOW ${Wave.1}
16:01:13    353 --> ...              [tcl] gui_set_pref_value -category Wave -key exclusiveSG -value $groupExD
16:01:13    354 --> ...                  [tcl] gui_list_set_height -id Wave -height $origWaveHeight
16:01:13    355 --> ...                      [tcl] if {$origGroupCreationState} { 	gui_list_create_group_when_add -wave -enable }
16:01:13    356 --> ...                          [tcl] if { $groupExD } {  gui_msg_report -code DVWW028 }
16:01:13    357 --> ...                              [tcl] gui_list_set_filter -id ${Wave.1} -list { {Buffer 1} {Input 1} {Others 1} {Linkage 1} {Output 1} {Parameter 1} {All 1} {Aggregate 1} {LibBaseMember 1} {Event 1} {Assertion 1} {Constant 1} {Interface 1} {BaseMembers 1} {Signal 1} {$unit 1} {Inout 1} {Variable 1} }
16:01:13    358 --> ...                                  [tcl] gui_list_set_filter -id ${Wave.1} -text {*}
16:01:13    359 --> ...                                      [tcl] gui_list_set_insertion_bar  -id ${Wave.1} -group testbench  -position in
16:01:13    360 --> ...                                          [tcl] gui_view_scroll -id ${Wave.1} -vertical -set 0
16:01:13    361 --> ...                                              [tcl] gui_show_grid -id ${Wave.1} -enable false
16:01:13    362 --> ...                                                  [tcl] # Restore toplevel window zorder
16:01:13    363 --> ...                                                      [tcl] # The toplevel window could be closed if it has no view/pane
16:01:13    364 --> ...                                                          [tcl] if {[gui_exist_window -window ${TopLevel.1}]} { 	gui_set_active_window -window ${TopLevel.1} 	gui_set_active_window -window ${Source.1} }
16:01:13    365 --> ...                                                              [tcl] if {[gui_exist_window -window ${TopLevel.2}]} { 	gui_set_active_window -window ${TopLevel.2} 	gui_set_active_window -window ${Wave.1} }
16:01:14    366 --> ...                                                                  [tcl] #</Session>
16:01:42    367 --> ...                                                                      [tcl] synopsys::run
16:01:42    368 --> ...                                                                          [tcl] set ucliGUI::state
16:01:42    369 --> ...                                                                              [tcl] gui_update_simulator_buttons
16:01:42    370 --> ...                                                                                  [tcl] set ucliGUI::state
16:01:42    371 --> ...                                                                                      [tcl] set ucliGUI::state
16:01:42    372 --> ...                                                                                          [tcl] set ucliGUI::state
16:01:42    373 --> ...                                                                                              [tcl] catch {senv activeDomain} dveMisc::result 
16:01:42    374 --> ...                                                                                                  [tcl] set dveMisc::result
16:01:42    375 --> ...  [tcl] gui_update_simulator_buttons
16:03:12    376 --> ...      [tcl] if [catch {gui_sim_terminate}] {gui_sim_terminate -kill}
16:03:12    377 --> ...          [tcl] synopsys::finish
16:03:12    378 --> ...              [tcl] set ucliGUI::state
16:03:12    379 --> ...                  [tcl] gui_update_simulator_buttons
16:03:12    380 --> ...                      [tcl] set ucliGUI::state
16:03:12    381 --> ...                          [tcl] catch {senv activeDomain} dveMisc::result 
16:03:12    382 --> ...                              [tcl] set dveMisc::result
16:03:12    383 --> ...                                  [tcl] gui_update_simulator_buttons
16:03:12    384 --> ...                                      [tcl] catch {senv activeDomain} dveMisc::result 
16:03:12    385 --> ...                                          [tcl] set dveMisc::result
16:03:13    386 --> ...                                              [tcl] ucli_exit
